[0.007s] Invoking command in '/home/marcooyerr/tubes_ws/src/ms2-tb1-cakrai17-13224067/build/pkg_13224067': CMAKE_PREFIX_PATH=${CMAKE_PREFIX_PATH}:/opt/ros/humble /usr/bin/cmake /home/marcooyerr/tubes_ws/src/ms2-tb1-cakrai17-13224067/pkg_13224067 -DCMAKE_INSTALL_PREFIX=/home/marcooyerr/tubes_ws/src/ms2-tb1-cakrai17-13224067/install/pkg_13224067
[0.062s] -- The C compiler identification is GNU 11.4.0
[0.119s] -- The CXX compiler identification is GNU 11.4.0
[0.125s] -- Detecting C compiler ABI info
[0.194s] -- Detecting C compiler ABI info - done
[0.202s] -- Check for working C compiler: /usr/bin/cc - skipped
[0.202s] -- Detecting C compile features
[0.202s] -- Detecting C compile features - done
[0.206s] -- Detecting CXX compiler ABI info
[0.287s] -- Detecting CXX compiler ABI info - done
[0.295s] -- Check for working CXX compiler: /usr/bin/c++ - skipped
[0.295s] -- Detecting CXX compile features
[0.296s] -- Detecting CXX compile features - done
[0.298s] -- Found ament_cmake: 1.3.11 (/opt/ros/humble/share/ament_cmake/cmake)
[0.581s] -- Found Python3: /usr/bin/python3 (found version "3.10.12") found components: Interpreter 
[0.646s] -- Found ament_lint_auto: 0.12.11 (/opt/ros/humble/share/ament_lint_auto/cmake)
[0.697s] -- Added test 'flake8' to check Python code syntax and style conventions
[0.697s] -- Added test 'lint_cmake' to check CMake code style
[0.698s] -- Added test 'pep257' to check Python code against some of the docstring style conventions in PEP 257
[0.699s] -- Added test 'xmllint' to check XML markup files
[0.699s] -- Configuring done
[0.701s] -- Generating done
[0.702s] -- Build files have been written to: /home/marcooyerr/tubes_ws/src/ms2-tb1-cakrai17-13224067/build/pkg_13224067
[0.705s] Invoked command in '/home/marcooyerr/tubes_ws/src/ms2-tb1-cakrai17-13224067/build/pkg_13224067' returned '0': CMAKE_PREFIX_PATH=${CMAKE_PREFIX_PATH}:/opt/ros/humble /usr/bin/cmake /home/marcooyerr/tubes_ws/src/ms2-tb1-cakrai17-13224067/pkg_13224067 -DCMAKE_INSTALL_PREFIX=/home/marcooyerr/tubes_ws/src/ms2-tb1-cakrai17-13224067/install/pkg_13224067
[0.707s] Invoking command in '/home/marcooyerr/tubes_ws/src/ms2-tb1-cakrai17-13224067/build/pkg_13224067': CMAKE_PREFIX_PATH=${CMAKE_PREFIX_PATH}:/opt/ros/humble /usr/bin/cmake --build /home/marcooyerr/tubes_ws/src/ms2-tb1-cakrai17-13224067/build/pkg_13224067 -- -j20 -l20
[0.739s] Invoked command in '/home/marcooyerr/tubes_ws/src/ms2-tb1-cakrai17-13224067/build/pkg_13224067' returned '0': CMAKE_PREFIX_PATH=${CMAKE_PREFIX_PATH}:/opt/ros/humble /usr/bin/cmake --build /home/marcooyerr/tubes_ws/src/ms2-tb1-cakrai17-13224067/build/pkg_13224067 -- -j20 -l20
[0.748s] Invoking command in '/home/marcooyerr/tubes_ws/src/ms2-tb1-cakrai17-13224067/build/pkg_13224067': CMAKE_PREFIX_PATH=${CMAKE_PREFIX_PATH}:/opt/ros/humble /usr/bin/cmake --install /home/marcooyerr/tubes_ws/src/ms2-tb1-cakrai17-13224067/build/pkg_13224067
[0.755s] -- Install configuration: ""
[0.755s] -- Installing: /home/marcooyerr/tubes_ws/src/ms2-tb1-cakrai17-13224067/install/pkg_13224067/share/ament_index/resource_index/package_run_dependencies/pkg_13224067
[0.756s] -- Installing: /home/marcooyerr/tubes_ws/src/ms2-tb1-cakrai17-13224067/install/pkg_13224067/share/ament_index/resource_index/parent_prefix_path/pkg_13224067
[0.756s] -- Installing: /home/marcooyerr/tubes_ws/src/ms2-tb1-cakrai17-13224067/install/pkg_13224067/share/pkg_13224067/environment/ament_prefix_path.sh
[0.756s] -- Installing: /home/marcooyerr/tubes_ws/src/ms2-tb1-cakrai17-13224067/install/pkg_13224067/share/pkg_13224067/environment/ament_prefix_path.dsv
[0.756s] -- Installing: /home/marcooyerr/tubes_ws/src/ms2-tb1-cakrai17-13224067/install/pkg_13224067/share/pkg_13224067/environment/path.sh
[0.756s] -- Installing: /home/marcooyerr/tubes_ws/src/ms2-tb1-cakrai17-13224067/install/pkg_13224067/share/pkg_13224067/environment/path.dsv
[0.756s] -- Installing: /home/marcooyerr/tubes_ws/src/ms2-tb1-cakrai17-13224067/install/pkg_13224067/share/pkg_13224067/local_setup.bash
[0.756s] -- Installing: /home/marcooyerr/tubes_ws/src/ms2-tb1-cakrai17-13224067/install/pkg_13224067/share/pkg_13224067/local_setup.sh
[0.756s] -- Installing: /home/marcooyerr/tubes_ws/src/ms2-tb1-cakrai17-13224067/install/pkg_13224067/share/pkg_13224067/local_setup.zsh
[0.756s] -- Installing: /home/marcooyerr/tubes_ws/src/ms2-tb1-cakrai17-13224067/install/pkg_13224067/share/pkg_13224067/local_setup.dsv
[0.756s] -- Installing: /home/marcooyerr/tubes_ws/src/ms2-tb1-cakrai17-13224067/install/pkg_13224067/share/pkg_13224067/package.dsv
[0.756s] -- Installing: /home/marcooyerr/tubes_ws/src/ms2-tb1-cakrai17-13224067/install/pkg_13224067/share/ament_index/resource_index/packages/pkg_13224067
[0.756s] -- Installing: /home/marcooyerr/tubes_ws/src/ms2-tb1-cakrai17-13224067/install/pkg_13224067/share/pkg_13224067/cmake/pkg_13224067Config.cmake
[0.756s] -- Installing: /home/marcooyerr/tubes_ws/src/ms2-tb1-cakrai17-13224067/install/pkg_13224067/share/pkg_13224067/cmake/pkg_13224067Config-version.cmake
[0.757s] -- Installing: /home/marcooyerr/tubes_ws/src/ms2-tb1-cakrai17-13224067/install/pkg_13224067/share/pkg_13224067/package.xml
[0.758s] Invoked command in '/home/marcooyerr/tubes_ws/src/ms2-tb1-cakrai17-13224067/build/pkg_13224067' returned '0': CMAKE_PREFIX_PATH=${CMAKE_PREFIX_PATH}:/opt/ros/humble /usr/bin/cmake --install /home/marcooyerr/tubes_ws/src/ms2-tb1-cakrai17-13224067/build/pkg_13224067
